<?xml version="1.0" encoding="UTF-8"?>
<!-- Generated by org.testng.reporters.JUnitXMLReporter -->
<testsuite hostname="P3A-HR4WXJ2" ignored="0" name="Regression" tests="1" failures="1" timestamp="23 Sep 2019 04:22:02 GMT" time="0.01" errors="0">
  <testcase name="f" time="0.007" classname="testingFeatures.DemoSoftAssert">
    <failure type="java.lang.AssertionError" message="The following asserts failed:
	expected [12] but found [20],
	Error msg expected [true] but found [false]">
      <![CDATA[java.lang.AssertionError: The following asserts failed:
	expected [12] but found [20],
	Error msg expected [true] but found [false]
	at testingFeatures.DemoSoftAssert.f(DemoSoftAssert.java:16)
... Removed 26 stack frames]]>
    </failure>
  </testcase> <!-- f -->
</testsuite> <!-- Regression -->
