<html>
<head>
<title>TestNG:  Test</title>
<link href="../testng.css" rel="stylesheet" type="text/css" />
<link href="../my-testng.css" rel="stylesheet" type="text/css" />

<style type="text/css">
.log { display: none;} 
.stack-trace { display: none;} 
</style>
<script type="text/javascript">
<!--
function flip(e) {
  current = e.style.display;
  if (current == 'block') {
    e.style.display = 'none';
    return 0;
  }
  else {
    e.style.display = 'block';
    return 1;
  }
}

function toggleBox(szDivId, elem, msg1, msg2)
{
  var res = -1;  if (document.getElementById) {
    res = flip(document.getElementById(szDivId));
  }
  else if (document.all) {
    // this is the way old msie versions work
    res = flip(document.all[szDivId]);
  }
  if(elem) {
    if(res == 0) elem.innerHTML = msg1; else elem.innerHTML = msg2;
  }

}

function toggleAllBoxes() {
  if (document.getElementsByTagName) {
    d = document.getElementsByTagName('div');
    for (i = 0; i < d.length; i++) {
      if (d[i].className == 'log') {
        flip(d[i]);
      }
    }
  }
}

// -->
</script>

</head>
<body>
<h2 align='center'>Test</h2><table border='1' align="center">
<tr>
<td>Tests passed/Failed/Skipped:</td><td>17/3/0</td>
</tr><tr>
<td>Started on:</td><td>Mon Sep 23 10:08:03 IST 2019</td>
</tr>
<tr><td>Total time:</td><td>18 seconds (18942 ms)</td>
</tr><tr>
<td>Included groups:</td><td></td>
</tr><tr>
<td>Excluded groups:</td><td></td>
</tr>
</table><p/>
<small><i>(Hover the method name to see the test class name)</i></small><p/>
<table width='100%' border='1' class='invocation-failed'>
<tr><td colspan='4' align='center'><b>FAILED TESTS</b></td></tr>
<tr><td><b>Test method</b></td>
<td width="30%"><b>Exception</b></td>
<td width="10%"><b>Time (seconds)</b></td>
<td><b>Instance</b></td>
</tr>
<tr>
<td title='testingFeatures.DemoSoftAssert.f()'><b>f</b><br>Test class: testingFeatures.DemoSoftAssert</td>
<td><div><pre>java.lang.AssertionError: The following asserts failed:
	expected [12] but found [20],
	Error msg expected [true] but found [false]
	at testingFeatures.DemoSoftAssert.f(DemoSoftAssert.java:16)
... Removed 26 stack frames</pre></div><a href='#' onClick='toggleBox("stack-trace2081652693", this, "Click to show all stack frames", "Click to hide stack frames")'>Click to show all stack frames</a>
<div class='stack-trace' id='stack-trace2081652693'><pre>java.lang.AssertionError: The following asserts failed:
	expected [12] but found [20],
	Error msg expected [true] but found [false]
	at org.testng.asserts.SoftAssert.assertAll(SoftAssert.java:43)
	at testingFeatures.DemoSoftAssert.f(DemoSoftAssert.java:16)
	at sun.reflect.NativeMethodAccessorImpl.invoke0(Native Method)
	at sun.reflect.NativeMethodAccessorImpl.invoke(Unknown Source)
	at sun.reflect.DelegatingMethodAccessorImpl.invoke(Unknown Source)
	at java.lang.reflect.Method.invoke(Unknown Source)
	at org.testng.internal.MethodInvocationHelper.invokeMethod(MethodInvocationHelper.java:104)
	at org.testng.internal.Invoker.invokeMethod(Invoker.java:645)
	at org.testng.internal.Invoker.invokeTestMethod(Invoker.java:851)
	at org.testng.internal.Invoker.invokeTestMethods(Invoker.java:1177)
	at org.testng.internal.TestMethodWorker.invokeTestMethods(TestMethodWorker.java:129)
	at org.testng.internal.TestMethodWorker.run(TestMethodWorker.java:112)
	at org.testng.TestRunner.privateRun(TestRunner.java:756)
	at org.testng.TestRunner.run(TestRunner.java:610)
	at org.testng.SuiteRunner.runTest(SuiteRunner.java:387)
	at org.testng.SuiteRunner.runSequentially(SuiteRunner.java:382)
	at org.testng.SuiteRunner.privateRun(SuiteRunner.java:340)
	at org.testng.SuiteRunner.run(SuiteRunner.java:289)
	at org.testng.SuiteRunnerWorker.runSuite(SuiteRunnerWorker.java:52)
	at org.testng.SuiteRunnerWorker.run(SuiteRunnerWorker.java:86)
	at org.testng.TestNG.runSuitesSequentially(TestNG.java:1293)
	at org.testng.TestNG.runSuitesLocally(TestNG.java:1218)
	at org.testng.TestNG.runSuites(TestNG.java:1133)
	at org.testng.TestNG.run(TestNG.java:1104)
	at org.testng.remote.AbstractRemoteTestNG.run(AbstractRemoteTestNG.java:126)
	at org.testng.remote.RemoteTestNG.initAndRun(RemoteTestNG.java:152)
	at org.testng.remote.RemoteTestNG.main(RemoteTestNG.java:57)
</pre></div></td>
<td>0</td>
<td>testingFeatures.DemoSoftAssert@4cc0edeb</td></tr>
<tr>
<td title='testingFeatures.DemoAssertion.test1()'><b>test1</b><br>Test class: testingFeatures.DemoAssertion</td>
<td><div><pre>java.lang.AssertionError: expected [John] but found [Akash]
	at testingFeatures.DemoAssertion.test1(DemoAssertion.java:11)
... Removed 31 stack frames</pre></div><a href='#' onClick='toggleBox("stack-trace764419760", this, "Click to show all stack frames", "Click to hide stack frames")'>Click to show all stack frames</a>
<div class='stack-trace' id='stack-trace764419760'><pre>java.lang.AssertionError: expected [John] but found [Akash]
	at org.testng.Assert.fail(Assert.java:94)
	at org.testng.Assert.failNotEquals(Assert.java:513)
	at org.testng.Assert.assertEqualsImpl(Assert.java:135)
	at org.testng.Assert.assertEquals(Assert.java:116)
	at org.testng.Assert.assertEquals(Assert.java:190)
	at org.testng.Assert.assertEquals(Assert.java:200)
	at testingFeatures.DemoAssertion.test1(DemoAssertion.java:11)
	at sun.reflect.NativeMethodAccessorImpl.invoke0(Native Method)
	at sun.reflect.NativeMethodAccessorImpl.invoke(Unknown Source)
	at sun.reflect.DelegatingMethodAccessorImpl.invoke(Unknown Source)
	at java.lang.reflect.Method.invoke(Unknown Source)
	at org.testng.internal.MethodInvocationHelper.invokeMethod(MethodInvocationHelper.java:104)
	at org.testng.internal.Invoker.invokeMethod(Invoker.java:645)
	at org.testng.internal.Invoker.invokeTestMethod(Invoker.java:851)
	at org.testng.internal.Invoker.invokeTestMethods(Invoker.java:1177)
	at org.testng.internal.TestMethodWorker.invokeTestMethods(TestMethodWorker.java:129)
	at org.testng.internal.TestMethodWorker.run(TestMethodWorker.java:112)
	at org.testng.TestRunner.privateRun(TestRunner.java:756)
	at org.testng.TestRunner.run(TestRunner.java:610)
	at org.testng.SuiteRunner.runTest(SuiteRunner.java:387)
	at org.testng.SuiteRunner.runSequentially(SuiteRunner.java:382)
	at org.testng.SuiteRunner.privateRun(SuiteRunner.java:340)
	at org.testng.SuiteRunner.run(SuiteRunner.java:289)
	at org.testng.SuiteRunnerWorker.runSuite(SuiteRunnerWorker.java:52)
	at org.testng.SuiteRunnerWorker.run(SuiteRunnerWorker.java:86)
	at org.testng.TestNG.runSuitesSequentially(TestNG.java:1293)
	at org.testng.TestNG.runSuitesLocally(TestNG.java:1218)
	at org.testng.TestNG.runSuites(TestNG.java:1133)
	at org.testng.TestNG.run(TestNG.java:1104)
	at org.testng.remote.AbstractRemoteTestNG.run(AbstractRemoteTestNG.java:126)
	at org.testng.remote.RemoteTestNG.initAndRun(RemoteTestNG.java:152)
	at org.testng.remote.RemoteTestNG.main(RemoteTestNG.java:57)
</pre></div></td>
<td>0</td>
<td>testingFeatures.DemoAssertion@1b604f19</td></tr>
<tr>
<td title='testingFeatures.DemoAssertion.test6()'><b>test6</b><br>Test class: testingFeatures.DemoAssertion</td>
<td><div><pre>java.lang.AssertionError: Intentionally fail
	at testingFeatures.DemoAssertion.test6(DemoAssertion.java:44)
... Removed 26 stack frames</pre></div><a href='#' onClick='toggleBox("stack-trace1912821769", this, "Click to show all stack frames", "Click to hide stack frames")'>Click to show all stack frames</a>
<div class='stack-trace' id='stack-trace1912821769'><pre>java.lang.AssertionError: Intentionally fail
	at org.testng.Assert.fail(Assert.java:94)
	at testingFeatures.DemoAssertion.test6(DemoAssertion.java:44)
	at sun.reflect.NativeMethodAccessorImpl.invoke0(Native Method)
	at sun.reflect.NativeMethodAccessorImpl.invoke(Unknown Source)
	at sun.reflect.DelegatingMethodAccessorImpl.invoke(Unknown Source)
	at java.lang.reflect.Method.invoke(Unknown Source)
	at org.testng.internal.MethodInvocationHelper.invokeMethod(MethodInvocationHelper.java:104)
	at org.testng.internal.Invoker.invokeMethod(Invoker.java:645)
	at org.testng.internal.Invoker.invokeTestMethod(Invoker.java:851)
	at org.testng.internal.Invoker.invokeTestMethods(Invoker.java:1177)
	at org.testng.internal.TestMethodWorker.invokeTestMethods(TestMethodWorker.java:129)
	at org.testng.internal.TestMethodWorker.run(TestMethodWorker.java:112)
	at org.testng.TestRunner.privateRun(TestRunner.java:756)
	at org.testng.TestRunner.run(TestRunner.java:610)
	at org.testng.SuiteRunner.runTest(SuiteRunner.java:387)
	at org.testng.SuiteRunner.runSequentially(SuiteRunner.java:382)
	at org.testng.SuiteRunner.privateRun(SuiteRunner.java:340)
	at org.testng.SuiteRunner.run(SuiteRunner.java:289)
	at org.testng.SuiteRunnerWorker.runSuite(SuiteRunnerWorker.java:52)
	at org.testng.SuiteRunnerWorker.run(SuiteRunnerWorker.java:86)
	at org.testng.TestNG.runSuitesSequentially(TestNG.java:1293)
	at org.testng.TestNG.runSuitesLocally(TestNG.java:1218)
	at org.testng.TestNG.runSuites(TestNG.java:1133)
	at org.testng.TestNG.run(TestNG.java:1104)
	at org.testng.remote.AbstractRemoteTestNG.run(AbstractRemoteTestNG.java:126)
	at org.testng.remote.RemoteTestNG.initAndRun(RemoteTestNG.java:152)
	at org.testng.remote.RemoteTestNG.main(RemoteTestNG.java:57)
</pre></div></td>
<td>0</td>
<td>testingFeatures.DemoAssertion@1b604f19</td></tr>
</table><p>
<table width='100%' border='1' class='invocation-passed'>
<tr><td colspan='4' align='center'><b>PASSED TESTS</b></td></tr>
<tr><td><b>Test method</b></td>
<td width="30%"><b>Exception</b></td>
<td width="10%"><b>Time (seconds)</b></td>
<td><b>Instance</b></td>
</tr>
<tr>
<td title='testingFeatures.MercuryApplication.Login()'><b>Login</b><br>Test class: testingFeatures.MercuryApplication</td>
<td></td>
<td>0</td>
<td>testingFeatures.MercuryApplication@457e2f02</td></tr>
<tr>
<td title='testingFeatures.MercuryApplication.close()'><b>close</b><br>Test class: testingFeatures.MercuryApplication</td>
<td></td>
<td>0</td>
<td>testingFeatures.MercuryApplication@457e2f02</td></tr>
<tr>
<td title='testingFeatures.DemoDataProvider.f()'><b>f</b><br>Test class: testingFeatures.DemoDataProvider<br>Parameters: abc, 123</td>
<td></td>
<td>0</td>
<td>testingFeatures.DemoDataProvider@7823a2f9</td></tr>
<tr>
<td title='testingFeatures.DemoDataProvider.f()'><b>f</b><br>Test class: testingFeatures.DemoDataProvider<br>Parameters: xyz, 789</td>
<td></td>
<td>0</td>
<td>testingFeatures.DemoDataProvider@7823a2f9</td></tr>
<tr>
<td title='testingFeatures.DemoDataProvider.f()'><b>f</b><br>Test class: testingFeatures.DemoDataProvider<br>Parameters: pqr, 345</td>
<td></td>
<td>0</td>
<td>testingFeatures.DemoDataProvider@7823a2f9</td></tr>
<tr>
<td title='testingFeatures.ExecutionSequence.f()'><b>f</b><br>Test class: testingFeatures.ExecutionSequence</td>
<td></td>
<td>0</td>
<td>testingFeatures.ExecutionSequence@482f8f11</td></tr>
<tr>
<td title='testingFeatures.NewTest.f()'><b>f</b><br>Test class: testingFeatures.NewTest</td>
<td></td>
<td>0</td>
<td>testingFeatures.NewTest@5c7fa833</td></tr>
<tr>
<td title='testingFeatures.OpenMercury.f()'><b>f</b><br>Test class: testingFeatures.OpenMercury</td>
<td></td>
<td>9</td>
<td>testingFeatures.OpenMercury@1593948d</td></tr>
<tr>
<td title='testingFeatures.MercuryApplication.logout()'><b>logout</b><br>Test class: testingFeatures.MercuryApplication</td>
<td></td>
<td>0</td>
<td>testingFeatures.MercuryApplication@457e2f02</td></tr>
<tr>
<td title='testingFeatures.MercuryApplication.openBrowser()'><b>openBrowser</b><br>Test class: testingFeatures.MercuryApplication</td>
<td></td>
<td>0</td>
<td>testingFeatures.MercuryApplication@457e2f02</td></tr>
<tr>
<td title='testingFeatures.MercuryApplication.openURL()'><b>openURL</b><br>Test class: testingFeatures.MercuryApplication</td>
<td></td>
<td>0</td>
<td>testingFeatures.MercuryApplication@457e2f02</td></tr>
<tr>
<td title='testingFeatures.MercuryApplication.searchFlight()'><b>searchFlight</b><br>Test class: testingFeatures.MercuryApplication</td>
<td></td>
<td>0</td>
<td>testingFeatures.MercuryApplication@457e2f02</td></tr>
<tr>
<td title='testingFeatures.DemoAssertion.test2()'><b>test2</b><br>Test class: testingFeatures.DemoAssertion</td>
<td></td>
<td>0</td>
<td>testingFeatures.DemoAssertion@1b604f19</td></tr>
<tr>
<td title='testingFeatures.DemoAssertion.test3()'><b>test3</b><br>Test class: testingFeatures.DemoAssertion</td>
<td></td>
<td>0</td>
<td>testingFeatures.DemoAssertion@1b604f19</td></tr>
<tr>
<td title='testingFeatures.DemoAssertion.test4()'><b>test4</b><br>Test class: testingFeatures.DemoAssertion</td>
<td></td>
<td>0</td>
<td>testingFeatures.DemoAssertion@1b604f19</td></tr>
<tr>
<td title='testingFeatures.DemoAssertion.test5()'><b>test5</b><br>Test class: testingFeatures.DemoAssertion</td>
<td></td>
<td>0</td>
<td>testingFeatures.DemoAssertion@1b604f19</td></tr>
<tr>
<td title='testingFeatures.DemoAssertion.test7()'><b>test7</b><br>Test class: testingFeatures.DemoAssertion</td>
<td></td>
<td>0</td>
<td>testingFeatures.DemoAssertion@1b604f19</td></tr>
</table><p>
</body>
</html>