<?xml version="1.0" encoding="UTF-8"?>
<!-- Generated by org.testng.reporters.JUnitXMLReporter -->
<testsuite hostname="P3A-HR4WXJ2" ignored="1" name="Test" tests="20" failures="3" timestamp="23 Sep 2019 04:38:22 GMT" time="18.942" errors="0">
  <testcase name="test1" time="0.012" classname="testingFeatures.DemoAssertion">
    <failure type="java.lang.AssertionError" message="expected [John] but found [Akash]">
      <![CDATA[java.lang.AssertionError: expected [John] but found [Akash]
	at testingFeatures.DemoAssertion.test1(DemoAssertion.java:11)
... Removed 31 stack frames]]>
    </failure>
  </testcase> <!-- test1 -->
  <testcase name="test2" time="0.001" classname="testingFeatures.DemoAssertion"/>
  <testcase name="test3" time="0.002" classname="testingFeatures.DemoAssertion"/>
  <testcase name="test4" time="0.006" classname="testingFeatures.DemoAssertion"/>
  <testcase name="test5" time="0.003" classname="testingFeatures.DemoAssertion"/>
  <testcase name="test6" time="0.002" classname="testingFeatures.DemoAssertion">
    <failure type="java.lang.AssertionError" message="Intentionally fail">
      <![CDATA[java.lang.AssertionError: Intentionally fail
	at testingFeatures.DemoAssertion.test6(DemoAssertion.java:44)
... Removed 26 stack frames]]>
    </failure>
  </testcase> <!-- test6 -->
  <testcase name="test7" time="0.002" classname="testingFeatures.DemoAssertion"/>
  <testcase name="f" time="0.004" classname="testingFeatures.DemoDataProvider"/>
  <testcase name="f" time="0.003" classname="testingFeatures.DemoDataProvider"/>
  <testcase name="f" time="0.004" classname="testingFeatures.DemoDataProvider"/>
  <testcase name="f" time="0.007" classname="testingFeatures.DemoSoftAssert">
    <failure type="java.lang.AssertionError" message="The following asserts failed:
	expected [12] but found [20],
	Error msg expected [true] but found [false]">
      <![CDATA[java.lang.AssertionError: The following asserts failed:
	expected [12] but found [20],
	Error msg expected [true] but found [false]
	at testingFeatures.DemoSoftAssert.f(DemoSoftAssert.java:16)
... Removed 26 stack frames]]>
    </failure>
  </testcase> <!-- f -->
  <testcase name="f" time="0.005" classname="testingFeatures.ExecutionSequence"/>
  <testcase name="f" time="0.003" classname="testingFeatures.NewTest"/>
  <testcase name="f" time="9.226" classname="testingFeatures.OpenMercury"/>
  <testcase name="openBrowser" time="0.002" classname="testingFeatures.MercuryApplication"/>
  <testcase name="Login" time="0.001" classname="testingFeatures.MercuryApplication"/>
  <testcase name="openURL" time="0.001" classname="testingFeatures.MercuryApplication"/>
  <testcase name="searchFlight" time="0.001" classname="testingFeatures.MercuryApplication"/>
  <testcase name="logout" time="0.001" classname="testingFeatures.MercuryApplication"/>
  <testcase name="close" time="0.001" classname="testingFeatures.MercuryApplication"/>
  <testcase name="bookFlight" time="0.0" classname="testingFeatures.MercuryApplication">
    <ignored/>
  </testcase> <!-- bookFlight -->
</testsuite> <!-- Test -->
